This is pdfTeX, Version 3.14159265-2.6-1.40.20 (TeX Live 2019/W32TeX) (preloaded format=pdflatex 2019.7.24)  24 JUL 2019 13:35
entering extended mode
 restricted \write18 enabled.
 %&-line parsing enabled.
**TEX-ILC-inorganic-gas-report.tex
(./TEX-ILC-inorganic-gas-report.tex
LaTeX2e <2018-12-01>

(c:/Users/barbimi/AppData/Roaming/TinyTeX/texmf-dist/tex/latex/base/article.cls
Document Class: article 2018/09/03 v1.4i Standard LaTeX document class
(c:/Users/barbimi/AppData/Roaming/TinyTeX/texmf-dist/tex/latex/base/size10.clo
File: size10.clo 2018/09/03 v1.4i Standard LaTeX file (size option)
)
\c@part=\count80
\c@section=\count81
\c@subsection=\count82
\c@subsubsection=\count83
\c@paragraph=\count84
\c@subparagraph=\count85
\c@figure=\count86
\c@table=\count87
\abovecaptionskip=\skip41
\belowcaptionskip=\skip42
\bibindent=\dimen102
) (./style/JrcTechnicalReports.sty
(c:/Users/barbimi/AppData/Roaming/TinyTeX/texmf-dist/tex/latex/graphics/color.s
ty
Package: color 2016/07/10 v1.1e Standard LaTeX Color (DPC)

(c:/Users/barbimi/AppData/Roaming/TinyTeX/texmf-dist/tex/latex/graphics-cfg/col
or.cfg
File: color.cfg 2016/01/02 v1.6 sample color configuration
)
Package color Info: Driver file: pdftex.def on input line 147.

(c:/Users/barbimi/AppData/Roaming/TinyTeX/texmf-dist/tex/latex/graphics-def/pdf
tex.def
File: pdftex.def 2018/01/08 v1.0l Graphics/color driver for pdftex
))
(c:/Users/barbimi/AppData/Roaming/TinyTeX/texmf-dist/tex/latex/graphics/graphic
x.sty
Package: graphicx 2017/06/01 v1.1a Enhanced LaTeX Graphics (DPC,SPQR)

(c:/Users/barbimi/AppData/Roaming/TinyTeX/texmf-dist/tex/latex/graphics/keyval.
sty
Package: keyval 2014/10/28 v1.15 key=value parser (DPC)
\KV@toks@=\toks14
)
(c:/Users/barbimi/AppData/Roaming/TinyTeX/texmf-dist/tex/latex/graphics/graphic
s.sty
Package: graphics 2017/06/25 v1.2c Standard LaTeX Graphics (DPC,SPQR)

(c:/Users/barbimi/AppData/Roaming/TinyTeX/texmf-dist/tex/latex/graphics/trig.st
y
Package: trig 2016/01/03 v1.10 sin cos tan (DPC)
)
(c:/Users/barbimi/AppData/Roaming/TinyTeX/texmf-dist/tex/latex/graphics-cfg/gra
phics.cfg
File: graphics.cfg 2016/06/04 v1.11 sample graphics configuration
)
Package graphics Info: Driver file: pdftex.def on input line 99.
)
\Gin@req@height=\dimen103
\Gin@req@width=\dimen104
)
(c:/Users/barbimi/AppData/Roaming/TinyTeX/texmf-dist/tex/latex/graphics/rotatin
g.sty
Package: rotating 2016/08/11 v2.16d rotated objects in LaTeX
(c:/Users/barbimi/AppData/Roaming/TinyTeX/texmf-dist/tex/latex/base/ifthen.sty
Package: ifthen 2014/09/29 v1.1c Standard LaTeX ifthen package (DPC)
)
\c@r@tfl@t=\count88
\rotFPtop=\skip43
\rotFPbot=\skip44
\rot@float@box=\box27
\rot@mess@toks=\toks15
)
(c:/Users/barbimi/AppData/Roaming/TinyTeX/texmf-dist/tex/latex/base/fontenc.sty
Package: fontenc 2018/08/11 v2.0j Standard LaTeX package
(c:/Users/barbimi/AppData/Roaming/TinyTeX/texmf-dist/tex/latex/base/t1enc.def
File: t1enc.def 2018/08/11 v2.0j Standard LaTeX file
LaTeX Font Info:    Redeclaring font encoding T1 on input line 48.
))

! LaTeX Error: File `verdana.sty' not found.

Type X to quit or <RETURN> to proceed,
or enter new name. (Default extension: sty)

Enter file name: 
! Emergency stop.
<read *> 
         
l.27 ^^M
         
Here is how much of TeX's memory you used:
 958 strings out of 494553
 11875 string characters out of 6175837
 66641 words of memory out of 5000000
 4677 multiletter control sequences out of 15000+600000
 4403 words of font info for 15 fonts, out of 8000000 for 9000
 14 hyphenation exceptions out of 8191
 32i,0n,21p,248b,37s stack positions out of 5000i,500n,10000p,200000b,80000s

!  ==> Fatal error occurred, no output PDF file produced!
